<?xml version="1.0" encoding="UTF-8"?>
<testng-results skipped="0" failed="0" total="1" passed="1">
  <reporter-output>
  </reporter-output>
  <suite name="com.NewToursTesting.MyMavenProject.NewToursLogInTest" duration-ms="12806" started-at="2018-03-23T19:27:34Z" finished-at="2018-03-23T19:27:47Z">
    <groups>
    </groups>
    <test name="Command line test" duration-ms="12806" started-at="2018-03-23T19:27:34Z" finished-at="2018-03-23T19:27:47Z">
      <class name="com.NewToursTesting.MyMavenProject.NewToursLogInTest">
        <test-method status="PASS" signature="LogIn()[pri:0, instance:com.NewToursTesting.MyMavenProject.NewToursLogInTest@93c5e7]" name="LogIn" duration-ms="12794" started-at="2018-03-24T00:57:34Z" finished-at="2018-03-24T00:57:47Z">
          <reporter-output>
          </reporter-output>
        </test-method> <!-- LogIn -->
      </class> <!-- com.NewToursTesting.MyMavenProject.NewToursLogInTest -->
    </test> <!-- Command line test -->
  </suite> <!-- com.NewToursTesting.MyMavenProject.NewToursLogInTest -->
</testng-results>
